<?xml version="1.0" encoding="UTF-8"?>
<testsuite name="PhoneBookTest" tests="1" skipped="0" failures="0" errors="0" timestamp="2020-10-23T00:32:22" hostname="marco-vaio" time="29.364">
  <properties/>
  <testcase name="start" classname="PhoneBookTest" time="29.364"/>
  <system-out><![CDATA[?[1;31m
Start test 1?[0m
Start searching (linear search)...
Found 500/500 entries. Time taken: 00 min. 04 sec. 334 ms.

Start searching (bubble sort + jump search)...
Found 500/500 entries. Time taken: 00 min. 19 sec. 253 ms.
Sorting time: 00 min. 14 sec. 391 ms. - STOPPED, moved to linear search
Searching time: 00 min. 04 sec. 862 ms.

Start searching (quick sort + binary search)...
Found 500/500 entries. Time taken: 00 min. 02 sec. 521 ms.
Sorting time: 00 min. 02 sec. 518 ms.
Searching time: 00 min. 00 sec. 003 ms.

Start searching (hash table)...
Found 500/500 entries. Time taken: 00 min. 00 sec. 740 ms.
Creating time: 00 min. 00 sec. 739 ms.
]]></system-out>
  <system-err><![CDATA[]]></system-err>
</testsuite>
